Notifying browser that CSS file changed: resources/public/css/style.css
Notifying browser that CSS file changed: resources/public/css/style.css
Notifying browser that CSS file changed: resources/public/css/style.css
Notifying browser that CSS file changed: resources/public/css/style.css
Notifying browser that CSS file changed: resources/public/css/style.css
Compiling build :dev to "resources/public/js/compiled/alex.js" from ["src"]...
[32mSuccessfully compiled build :dev to "resources/public/js/compiled/alex.js" in 0.528 seconds.[0m
notifying browser that file changed:  resources/public/js/compiled/out/goog/deps.js
notifying browser that file changed:  resources/public/js/compiled/out/cljs_deps.js
notifying browser that file changed:  resources/public/js/compiled/out/alex/core.js
Compiling build :dev to "resources/public/js/compiled/alex.js" from ["src"]...
[32mSuccessfully compiled build :dev to "resources/public/js/compiled/alex.js" in 0.455 seconds.[0m
notifying browser that file changed:  resources/public/js/compiled/out/alex/core.js
Notifying browser that CSS file changed: resources/public/css/style.css
Compiling build :dev to "resources/public/js/compiled/alex.js" from ["src"]...
[32mSuccessfully compiled build :dev to "resources/public/js/compiled/alex.js" in 0.482 seconds.[0m
notifying browser that file changed:  resources/public/js/compiled/out/alex/core.js
Compiling build :dev to "resources/public/js/compiled/alex.js" from ["src"]...
[32mSuccessfully compiled build :dev to "resources/public/js/compiled/alex.js" in 0.447 seconds.[0m
notifying browser that file changed:  resources/public/js/compiled/out/alex/core.js
Compiling build :dev to "resources/public/js/compiled/alex.js" from ["src"]...
[32mSuccessfully compiled build :dev to "resources/public/js/compiled/alex.js" in 0.406 seconds.[0m
notifying browser that file changed:  resources/public/js/compiled/out/alex/core.js
Compiling build :dev to "resources/public/js/compiled/alex.js" from ["src"]...
[32mSuccessfully compiled build :dev to "resources/public/js/compiled/alex.js" in 0.47 seconds.[0m
notifying browser that file changed:  resources/public/js/compiled/out/alex/core.js
Compiling build :dev to "resources/public/js/compiled/alex.js" from ["src"]...
[32mSuccessfully compiled build :dev to "resources/public/js/compiled/alex.js" in 0.475 seconds.[0m
notifying browser that file changed:  resources/public/js/compiled/out/alex/core.js
Compiling build :dev to "resources/public/js/compiled/alex.js" from ["src"]...
[32mSuccessfully compiled build :dev to "resources/public/js/compiled/alex.js" in 0.447 seconds.[0m
notifying browser that file changed:  resources/public/js/compiled/out/alex/core.js
Compiling build :dev to "resources/public/js/compiled/alex.js" from ["src"]...
[32mSuccessfully compiled build :dev to "resources/public/js/compiled/alex.js" in 0.464 seconds.[0m
notifying browser that file changed:  resources/public/js/compiled/out/alex/core.js
Compiling build :dev to "resources/public/js/compiled/alex.js" from ["src"]...
[32mSuccessfully compiled build :dev to "resources/public/js/compiled/alex.js" in 0.484 seconds.[0m
notifying browser that file changed:  resources/public/js/compiled/out/alex/core.js
Compiling build :dev to "resources/public/js/compiled/alex.js" from ["src"]...
[32mSuccessfully compiled build :dev to "resources/public/js/compiled/alex.js" in 0.452 seconds.[0m
notifying browser that file changed:  resources/public/js/compiled/out/alex/core.js
Compiling build :dev to "resources/public/js/compiled/alex.js" from ["src"]...
[32mSuccessfully compiled build :dev to "resources/public/js/compiled/alex.js" in 0.407 seconds.[0m
notifying browser that file changed:  resources/public/js/compiled/out/alex/core.js
Notifying browser that CSS file changed: resources/public/css/style.css
Notifying browser that CSS file changed: resources/public/css/style.css
Compiling build :dev to "resources/public/js/compiled/alex.js" from ["src"]...
[32mSuccessfully compiled build :dev to "resources/public/js/compiled/alex.js" in 0.479 seconds.[0m
notifying browser that file changed:  resources/public/js/compiled/out/alex/core.js
Notifying browser that CSS file changed: resources/public/css/style.css
Notifying browser that CSS file changed: resources/public/css/style.css
Notifying browser that CSS file changed: resources/public/css/style.css
Notifying browser that CSS file changed: resources/public/css/style.css
Notifying browser that CSS file changed: resources/public/css/style.css
Notifying browser that CSS file changed: resources/public/css/style.css
Notifying browser that CSS file changed: resources/public/css/style.css
Compiling build :dev to "resources/public/js/compiled/alex.js" from ["src"]...
[32mSuccessfully compiled build :dev to "resources/public/js/compiled/alex.js" in 1.113 seconds.[0m
notifying browser that file changed:  resources/public/js/compiled/out/goog/deps.js
notifying browser that file changed:  resources/public/js/compiled/out/cljs_deps.js
notifying browser that file changed:  resources/public/js/compiled/out/alex/core.js
Compiling build :dev to "resources/public/js/compiled/alex.js" from ["src"]...
[32mSuccessfully compiled build :dev to "resources/public/js/compiled/alex.js" in 0.46 seconds.[0m
notifying browser that file changed:  resources/public/js/compiled/out/cljs_deps.js
notifying browser that file changed:  resources/public/js/compiled/out/alex/core.js
Compiling build :dev to "resources/public/js/compiled/alex.js" from ["src"]...
[32mSuccessfully compiled build :dev to "resources/public/js/compiled/alex.js" in 0.437 seconds.[0m
notifying browser that file changed:  resources/public/js/compiled/out/alex/core.js
Compiling build :dev to "resources/public/js/compiled/alex.js" from ["src"]...
[32mSuccessfully compiled build :dev to "resources/public/js/compiled/alex.js" in 0.587 seconds.[0m
notifying browser that file changed:  resources/public/js/compiled/out/alex/core.js
Compiling build :dev to "resources/public/js/compiled/alex.js" from ["src"]...
[32mSuccessfully compiled build :dev to "resources/public/js/compiled/alex.js" in 0.558 seconds.[0m
notifying browser that file changed:  resources/public/js/compiled/out/alex/core.js
Compiling build :dev to "resources/public/js/compiled/alex.js" from ["src"]...
[36m----  Compiler Warning on   src/alex/core.cljs   line:29  column:18  ----[0m

  [1mNo such namespace: core, could not locate core.cljs, core.cljc, or JavaScript source providing "core"[0m

  [36m25[0m  [36m        f (fn [][0m
  [36m26[0m  [36m            (try[0m
  [36m27[0m  [36m              (core/success d (f))[0m
  [36m28[0m  [36m              (catch js/Error e[0m
  [33m29[0m  [1m                (core/error d e))))][0m
  [0m  [0m  [33m                 ^--- No such namespace: core, could not locate core.cljs, core.cljc, or JavaScript source providing "core"[0m
  [36m30[0m  [36m    (js/setTimeout f interval)[0m
  [36m31[0m  [36m    d))[0m
  [36m32[0m  [36m[0m
  [36m33[0m  [36m[0m
  [36m34[0m  [36m(defn animate-title![0m

[36m----  Compiler Warning : Please see src/alex/core.cljs  ----[0m
[36m----  Compiler Warning on   src/alex/core.cljs   line:29  column:18  ----[0m

  [1mUse of undeclared Var core/error[0m

  [36m25[0m  [36m        f (fn [][0m
  [36m26[0m  [36m            (try[0m
  [36m27[0m  [36m              (core/success d (f))[0m
  [36m28[0m  [36m              (catch js/Error e[0m
  [33m29[0m  [1m                (core/error d e))))][0m
  [0m  [0m  [33m                 ^--- Use of undeclared Var core/error[0m
  [36m30[0m  [36m    (js/setTimeout f interval)[0m
  [36m31[0m  [36m    d))[0m
  [36m32[0m  [36m[0m
  [36m33[0m  [36m[0m
  [36m34[0m  [36m(defn animate-title![0m

[36m----  Compiler Warning : Please see src/alex/core.cljs  ----[0m
[36m----  Compiler Warning on   src/alex/core.cljs   line:27  column:16  ----[0m

  [1mNo such namespace: core, could not locate core.cljs, core.cljc, or JavaScript source providing "core"[0m

  [36m23[0m  [36m[^double interval f][0m
  [36m24[0m  [36m(let [d (d/deferred)[0m
  [36m25[0m  [36m      f (fn [][0m
  [36m26[0m  [36m          (try[0m
  [33m27[0m  [1m            (core/success d (f))[0m
  [0m  [0m  [33m             ^--- No such namespace: core, could not locate core.cljs, core.cljc, or JavaScript source providing "core"[0m
  [36m28[0m  [36m            (catch js/Error e[0m
  [36m29[0m  [36m              (core/error d e))))][0m
  [36m30[0m  [36m  (js/setTimeout f interval)[0m
  [36m31[0m  [36m  d))[0m

[36m----  Compiler Warning : Please see src/alex/core.cljs  ----[0m
[36m----  Compiler Warning on   src/alex/core.cljs   line:27  column:16  ----[0m

  [1mUse of undeclared Var core/success[0m

  [36m23[0m  [36m[^double interval f][0m
  [36m24[0m  [36m(let [d (d/deferred)[0m
  [36m25[0m  [36m      f (fn [][0m
  [36m26[0m  [36m          (try[0m
  [33m27[0m  [1m            (core/success d (f))[0m
  [0m  [0m  [33m             ^--- Use of undeclared Var core/success[0m
  [36m28[0m  [36m            (catch js/Error e[0m
  [36m29[0m  [36m              (core/error d e))))][0m
  [36m30[0m  [36m  (js/setTimeout f interval)[0m
  [36m31[0m  [36m  d))[0m

[36m----  Compiler Warning : Please see src/alex/core.cljs  ----[0m
[32mSuccessfully compiled build :dev to "resources/public/js/compiled/alex.js" in 0.593 seconds.[0m
notifying browser that file changed:  resources/public/js/compiled/out/alex/core.js
Compiling build :dev to "resources/public/js/compiled/alex.js" from ["src"]...
[36m----  Compiler Warning on   src/alex/core.cljs   line:29  column:18  ----[0m

  [1mNo such namespace: core, could not locate core.cljs, core.cljc, or JavaScript source providing "core"[0m

  [36m25[0m  [36m        f (fn [][0m
  [36m26[0m  [36m            (try[0m
  [36m27[0m  [36m              (core/success d (f))[0m
  [36m28[0m  [36m              (catch js/Error e[0m
  [33m29[0m  [1m                (core/error d e))))][0m
  [0m  [0m  [33m                 ^--- No such namespace: core, could not locate core.cljs, core.cljc, or JavaScript source providing "core"[0m
  [36m30[0m  [36m    (js/setTimeout f interval)[0m
  [36m31[0m  [36m    d))[0m
  [36m32[0m  [36m[0m
  [36m33[0m  [36m[0m
  [36m34[0m  [36m(defn animate-title![0m

[36m----  Compiler Warning : Please see src/alex/core.cljs  ----[0m
[36m----  Compiler Warning on   src/alex/core.cljs   line:29  column:18  ----[0m

  [1mUse of undeclared Var core/error[0m

  [36m25[0m  [36m        f (fn [][0m
  [36m26[0m  [36m            (try[0m
  [36m27[0m  [36m              (core/success d (f))[0m
  [36m28[0m  [36m              (catch js/Error e[0m
  [33m29[0m  [1m                (core/error d e))))][0m
  [0m  [0m  [33m                 ^--- Use of undeclared Var core/error[0m
  [36m30[0m  [36m    (js/setTimeout f interval)[0m
  [36m31[0m  [36m    d))[0m
  [36m32[0m  [36m[0m
  [36m33[0m  [36m[0m
  [36m34[0m  [36m(defn animate-title![0m

[36m----  Compiler Warning : Please see src/alex/core.cljs  ----[0m
[36m----  Compiler Warning on   src/alex/core.cljs   line:27  column:16  ----[0m

  [1mNo such namespace: core, could not locate core.cljs, core.cljc, or JavaScript source providing "core"[0m

  [36m23[0m  [36m[^double interval f][0m
  [36m24[0m  [36m(let [d (d/deferred)[0m
  [36m25[0m  [36m      f (fn [][0m
  [36m26[0m  [36m          (try[0m
  [33m27[0m  [1m            (core/success d (f))[0m
  [0m  [0m  [33m             ^--- No such namespace: core, could not locate core.cljs, core.cljc, or JavaScript source providing "core"[0m
  [36m28[0m  [36m            (catch js/Error e[0m
  [36m29[0m  [36m              (core/error d e))))][0m
  [36m30[0m  [36m  (js/setTimeout f interval)[0m
  [36m31[0m  [36m  d))[0m

[36m----  Compiler Warning : Please see src/alex/core.cljs  ----[0m
[36m----  Compiler Warning on   src/alex/core.cljs   line:27  column:16  ----[0m

  [1mUse of undeclared Var core/success[0m

  [36m23[0m  [36m[^double interval f][0m
  [36m24[0m  [36m(let [d (d/deferred)[0m
  [36m25[0m  [36m      f (fn [][0m
  [36m26[0m  [36m          (try[0m
  [33m27[0m  [1m            (core/success d (f))[0m
  [0m  [0m  [33m             ^--- Use of undeclared Var core/success[0m
  [36m28[0m  [36m            (catch js/Error e[0m
  [36m29[0m  [36m              (core/error d e))))][0m
  [36m30[0m  [36m  (js/setTimeout f interval)[0m
  [36m31[0m  [36m  d))[0m

[36m----  Compiler Warning : Please see src/alex/core.cljs  ----[0m
[32mSuccessfully compiled build :dev to "resources/public/js/compiled/alex.js" in 0.52 seconds.[0m
notifying browser that file changed:  resources/public/js/compiled/out/alex/core.js
Compiling build :dev to "resources/public/js/compiled/alex.js" from ["src"]...
[32mSuccessfully compiled build :dev to "resources/public/js/compiled/alex.js" in 0.502 seconds.[0m
notifying browser that file changed:  resources/public/js/compiled/out/alex/core.js
Compiling build :dev to "resources/public/js/compiled/alex.js" from ["src"]...
[32mSuccessfully compiled build :dev to "resources/public/js/compiled/alex.js" in 0.504 seconds.[0m
notifying browser that file changed:  resources/public/js/compiled/out/cljs_deps.js
notifying browser that file changed:  resources/public/js/compiled/out/alex/core.js
Compiling build :dev to "resources/public/js/compiled/alex.js" from ["src"]...
[32mSuccessfully compiled build :dev to "resources/public/js/compiled/alex.js" in 0.555 seconds.[0m
notifying browser that file changed:  resources/public/js/compiled/out/alex/core.js
Compiling build :dev to "resources/public/js/compiled/alex.js" from ["src"]...
[32mSuccessfully compiled build :dev to "resources/public/js/compiled/alex.js" in 0.54 seconds.[0m
notifying browser that file changed:  resources/public/js/compiled/out/goog/deps.js
notifying browser that file changed:  resources/public/js/compiled/out/cljs_deps.js
notifying browser that file changed:  resources/public/js/compiled/out/alex/core.js
Compiling build :dev to "resources/public/js/compiled/alex.js" from ["src"]...
[32mSuccessfully compiled build :dev to "resources/public/js/compiled/alex.js" in 0.574 seconds.[0m
notifying browser that file changed:  resources/public/js/compiled/out/alex/core.js
Compiling build :dev to "resources/public/js/compiled/alex.js" from ["src"]...
[32mSuccessfully compiled build :dev to "resources/public/js/compiled/alex.js" in 0.669 seconds.[0m
notifying browser that file changed:  resources/public/js/compiled/out/alex/core.js
Compiling build :dev to "resources/public/js/compiled/alex.js" from ["src"]...
[32mSuccessfully compiled build :dev to "resources/public/js/compiled/alex.js" in 0.453 seconds.[0m
notifying browser that file changed:  resources/public/js/compiled/out/alex/core.js
Compiling build :dev to "resources/public/js/compiled/alex.js" from ["src"]...
[32mSuccessfully compiled build :dev to "resources/public/js/compiled/alex.js" in 0.523 seconds.[0m
notifying browser that file changed:  resources/public/js/compiled/out/alex/core.js
Compiling build :dev to "resources/public/js/compiled/alex.js" from ["src"]...
[32mSuccessfully compiled build :dev to "resources/public/js/compiled/alex.js" in 0.532 seconds.[0m
notifying browser that file changed:  resources/public/js/compiled/out/alex/core.js
Compiling build :dev to "resources/public/js/compiled/alex.js" from ["src"]...
[32mSuccessfully compiled build :dev to "resources/public/js/compiled/alex.js" in 0.546 seconds.[0m
notifying browser that file changed:  resources/public/js/compiled/out/alex/core.js
Compiling build :dev to "resources/public/js/compiled/alex.js" from ["src"]...
[32mSuccessfully compiled build :dev to "resources/public/js/compiled/alex.js" in 0.521 seconds.[0m
notifying browser that file changed:  resources/public/js/compiled/out/alex/core.js
Notifying browser that CSS file changed: resources/public/css/style.css
Compiling build :dev to "resources/public/js/compiled/alex.js" from ["src"]...
[32mSuccessfully compiled build :dev to "resources/public/js/compiled/alex.js" in 0.51 seconds.[0m
notifying browser that file changed:  resources/public/js/compiled/out/alex/core.js
Compiling build :dev to "resources/public/js/compiled/alex.js" from ["src"]...
[32mSuccessfully compiled build :dev to "resources/public/js/compiled/alex.js" in 0.553 seconds.[0m
notifying browser that file changed:  resources/public/js/compiled/out/alex/core.js
Compiling build :dev to "resources/public/js/compiled/alex.js" from ["src"]...
[32mSuccessfully compiled build :dev to "resources/public/js/compiled/alex.js" in 0.568 seconds.[0m
notifying browser that file changed:  resources/public/js/compiled/out/alex/core.js
Compiling build :dev to "resources/public/js/compiled/alex.js" from ["src"]...
[36m----  Compiler Warning on   src/alex/core.cljs   line:37  column:5  ----[0m

  [1mWrong number of args (1) passed to cljs.core/swap![0m

  [36m33[0m  [36m  (animate-text! :title "Alex Engelberg")[0m
  [36m34[0m  [36m  (fn [][0m
  [36m35[0m  [36m    (animate-text! :subtitle "Keyboard operator"))[0m
  [36m36[0m  [36m  (fn [][0m
  [33m37[0m  [1m    (swap! app-state)))[0m
  [0m  [0m  [33m    ^--- Wrong number of args (1) passed to cljs.core/swap![0m
  [36m38[0m  [36m[0m
  [36m39[0m  [36m[0m
  [36m40[0m  [36m(defn hello-world [][0m
  [36m41[0m  [36m  [:div[0m
  [36m42[0m  [36m   [:h1 (:title @app-state)][0m

[36m----  Compiler Warning : Please see src/alex/core.cljs  ----[0m
[32mSuccessfully compiled build :dev to "resources/public/js/compiled/alex.js" in 0.546 seconds.[0m
notifying browser that file changed:  resources/public/js/compiled/out/alex/core.js
Compiling build :dev to "resources/public/js/compiled/alex.js" from ["src"]...
[32mSuccessfully compiled build :dev to "resources/public/js/compiled/alex.js" in 0.431 seconds.[0m
notifying browser that file changed:  resources/public/js/compiled/out/alex/core.js
Compiling build :dev to "resources/public/js/compiled/alex.js" from ["src"]...
[32mSuccessfully compiled build :dev to "resources/public/js/compiled/alex.js" in 0.489 seconds.[0m
notifying browser that file changed:  resources/public/js/compiled/out/alex/core.js
Compiling build :dev to "resources/public/js/compiled/alex.js" from ["src"]...
[32mSuccessfully compiled build :dev to "resources/public/js/compiled/alex.js" in 0.502 seconds.[0m
notifying browser that file changed:  resources/public/js/compiled/out/alex/core.js
Compiling build :dev to "resources/public/js/compiled/alex.js" from ["src"]...
[32mSuccessfully compiled build :dev to "resources/public/js/compiled/alex.js" in 0.491 seconds.[0m
notifying browser that file changed:  resources/public/js/compiled/out/alex/core.js
Compiling build :dev to "resources/public/js/compiled/alex.js" from ["src"]...
[32mSuccessfully compiled build :dev to "resources/public/js/compiled/alex.js" in 0.541 seconds.[0m
notifying browser that file changed:  resources/public/js/compiled/out/alex/core.js
Compiling build :dev to "resources/public/js/compiled/alex.js" from ["src"]...
[32mSuccessfully compiled build :dev to "resources/public/js/compiled/alex.js" in 0.507 seconds.[0m
notifying browser that file changed:  resources/public/js/compiled/out/alex/core.js
Compiling build :dev to "resources/public/js/compiled/alex.js" from ["src"]...
[32mSuccessfully compiled build :dev to "resources/public/js/compiled/alex.js" in 0.429 seconds.[0m
notifying browser that file changed:  resources/public/js/compiled/out/alex/core.js
Compiling build :dev to "resources/public/js/compiled/alex.js" from ["src"]...
[36m----  Compiler Warning on   src/alex/core.cljs   line:41  column:38  ----[0m

  [1mUse of undeclared Var alex.core/block[0m

  [36m39[0m  [36m(defn animate-titles![0m
  [36m40[0m  [36m  [][0m
  [33m41[0m  [1m  (swap! app-state assoc-in :title 1 block)[0m
  [0m  [0m  [33m                                     ^--- Use of undeclared Var alex.core/block[0m
  [36m42[0m  [36m  (d/chain[0m
  [36m43[0m  [36m    (animate-text! [:title 0] "Alex Engelberg")[0m
  [36m44[0m  [36m    (fn [][0m
  [36m45[0m  [36m      (animate-text! [:subtitle 0] "Keyboard operator"))))[0m

[36m----  Compiler Warning : Please see src/alex/core.cljs  ----[0m
[32mSuccessfully compiled build :dev to "resources/public/js/compiled/alex.js" in 0.455 seconds.[0m
notifying browser that file changed:  resources/public/js/compiled/out/alex/core.js
Compiling build :dev to "resources/public/js/compiled/alex.js" from ["src"]...
[32mSuccessfully compiled build :dev to "resources/public/js/compiled/alex.js" in 0.445 seconds.[0m
notifying browser that file changed:  resources/public/js/compiled/out/alex/core.js
Compiling build :dev to "resources/public/js/compiled/alex.js" from ["src"]...
[32mSuccessfully compiled build :dev to "resources/public/js/compiled/alex.js" in 0.509 seconds.[0m
notifying browser that file changed:  resources/public/js/compiled/out/alex/core.js
Compiling build :dev to "resources/public/js/compiled/alex.js" from ["src"]...
[32mSuccessfully compiled build :dev to "resources/public/js/compiled/alex.js" in 0.484 seconds.[0m
notifying browser that file changed:  resources/public/js/compiled/out/alex/core.js
Compiling build :dev to "resources/public/js/compiled/alex.js" from ["src"]...
[32mSuccessfully compiled build :dev to "resources/public/js/compiled/alex.js" in 0.551 seconds.[0m
notifying browser that file changed:  resources/public/js/compiled/out/alex/core.js
Compiling build :dev to "resources/public/js/compiled/alex.js" from ["src"]...
[32mSuccessfully compiled build :dev to "resources/public/js/compiled/alex.js" in 0.478 seconds.[0m
notifying browser that file changed:  resources/public/js/compiled/out/alex/core.js
Compiling build :dev to "resources/public/js/compiled/alex.js" from ["src"]...
[32mSuccessfully compiled build :dev to "resources/public/js/compiled/alex.js" in 0.448 seconds.[0m
notifying browser that file changed:  resources/public/js/compiled/out/alex/core.js
Compiling build :dev to "resources/public/js/compiled/alex.js" from ["src"]...
[32mSuccessfully compiled build :dev to "resources/public/js/compiled/alex.js" in 0.529 seconds.[0m
notifying browser that file changed:  resources/public/js/compiled/out/alex/core.js
Compiling build :dev to "resources/public/js/compiled/alex.js" from ["src"]...
[32mSuccessfully compiled build :dev to "resources/public/js/compiled/alex.js" in 0.456 seconds.[0m
notifying browser that file changed:  resources/public/js/compiled/out/alex/core.js
Compiling build :dev to "resources/public/js/compiled/alex.js" from ["src"]...
[32mSuccessfully compiled build :dev to "resources/public/js/compiled/alex.js" in 0.5 seconds.[0m
notifying browser that file changed:  resources/public/js/compiled/out/alex/core.js
Compiling build :dev to "resources/public/js/compiled/alex.js" from ["src"]...
[32mSuccessfully compiled build :dev to "resources/public/js/compiled/alex.js" in 0.516 seconds.[0m
notifying browser that file changed:  resources/public/js/compiled/out/alex/core.js
Compiling build :dev to "resources/public/js/compiled/alex.js" from ["src"]...
[32mSuccessfully compiled build :dev to "resources/public/js/compiled/alex.js" in 0.535 seconds.[0m
notifying browser that file changed:  resources/public/js/compiled/out/alex/core.js
Compiling build :dev to "resources/public/js/compiled/alex.js" from ["src"]...
[32mSuccessfully compiled build :dev to "resources/public/js/compiled/alex.js" in 0.497 seconds.[0m
notifying browser that file changed:  resources/public/js/compiled/out/alex/core.js
Compiling build :dev to "resources/public/js/compiled/alex.js" from ["src"]...
[32mSuccessfully compiled build :dev to "resources/public/js/compiled/alex.js" in 0.509 seconds.[0m
notifying browser that file changed:  resources/public/js/compiled/out/alex/core.js
Compiling build :dev to "resources/public/js/compiled/alex.js" from ["src"]...
[32mSuccessfully compiled build :dev to "resources/public/js/compiled/alex.js" in 0.557 seconds.[0m
notifying browser that file changed:  resources/public/js/compiled/out/alex/core.js
Compiling build :dev to "resources/public/js/compiled/alex.js" from ["src"]...
[36m----  Compiler Warning on   src/alex/core.cljs   line:53  column:42  ----[0m

  [1mUse of undeclared Var alex.core/nbsp[0m

  [36m49[0m  [36m      (swap! app-state assoc-in [:subtitle 1] block)[0m
  [36m50[0m  [36m      (animate-text! [:subtitle 0] "Keyboard operator"))[0m
  [36m51[0m  [36m    (fn [][0m
  [36m52[0m  [36m      (mt/every 500 #(swap! app-state update-in [:subtitle 1][0m
  [33m53[0m  [1m                            {block nbsp, nbsp block})))))[0m
  [0m  [0m  [33m                                         ^--- Use of undeclared Var alex.core/nbsp[0m
  [36m54[0m  [36m[0m
  [36m55[0m  [36m[0m
  [36m56[0m  [36m(animate-titles!)[0m

[36m----  Compiler Warning : Please see src/alex/core.cljs  ----[0m
[36m----  Compiler Warning on   src/alex/core.cljs   line:53  column:36  ----[0m

  [1mUse of undeclared Var alex.core/nbsp[0m

  [36m49[0m  [36m      (swap! app-state assoc-in [:subtitle 1] block)[0m
  [36m50[0m  [36m      (animate-text! [:subtitle 0] "Keyboard operator"))[0m
  [36m51[0m  [36m    (fn [][0m
  [36m52[0m  [36m      (mt/every 500 #(swap! app-state update-in [:subtitle 1][0m
  [33m53[0m  [1m                            {block nbsp, nbsp block})))))[0m
  [0m  [0m  [33m                                   ^--- Use of undeclared Var alex.core/nbsp[0m
  [36m54[0m  [36m[0m
  [36m55[0m  [36m[0m
  [36m56[0m  [36m(animate-titles!)[0m

[36m----  Compiler Warning : Please see src/alex/core.cljs  ----[0m
[32mSuccessfully compiled build :dev to "resources/public/js/compiled/alex.js" in 0.523 seconds.[0m
notifying browser that file changed:  resources/public/js/compiled/out/alex/core.js
Compiling build :dev to "resources/public/js/compiled/alex.js" from ["src"]...
[32mSuccessfully compiled build :dev to "resources/public/js/compiled/alex.js" in 0.552 seconds.[0m
notifying browser that file changed:  resources/public/js/compiled/out/alex/core.js
Compiling build :dev to "resources/public/js/compiled/alex.js" from ["src"]...
[32mSuccessfully compiled build :dev to "resources/public/js/compiled/alex.js" in 0.555 seconds.[0m
notifying browser that file changed:  resources/public/js/compiled/out/alex/core.js
Compiling build :dev to "resources/public/js/compiled/alex.js" from ["src"]...
[32mSuccessfully compiled build :dev to "resources/public/js/compiled/alex.js" in 0.455 seconds.[0m
notifying browser that file changed:  resources/public/js/compiled/out/alex/core.js
Compiling build :dev to "resources/public/js/compiled/alex.js" from ["src"]...
[32mSuccessfully compiled build :dev to "resources/public/js/compiled/alex.js" in 0.493 seconds.[0m
notifying browser that file changed:  resources/public/js/compiled/out/alex/core.js
Compiling build :dev to "resources/public/js/compiled/alex.js" from ["src"]...
[32mSuccessfully compiled build :dev to "resources/public/js/compiled/alex.js" in 0.513 seconds.[0m
notifying browser that file changed:  resources/public/js/compiled/out/alex/core.js
Compiling build :dev to "resources/public/js/compiled/alex.js" from ["src"]...
[32mSuccessfully compiled build :dev to "resources/public/js/compiled/alex.js" in 0.473 seconds.[0m
notifying browser that file changed:  resources/public/js/compiled/out/alex/core.js
Notifying browser that CSS file changed: resources/public/css/style.css
Notifying browser that CSS file changed: resources/public/css/style.css
Notifying browser that CSS file changed: resources/public/css/style.css
Notifying browser that CSS file changed: resources/public/css/style.css
Compiling build :dev to "resources/public/js/compiled/alex.js" from ["src"]...
[32mSuccessfully compiled build :dev to "resources/public/js/compiled/alex.js" in 0.52 seconds.[0m
notifying browser that file changed:  resources/public/js/compiled/out/alex/core.js
Compiling build :dev to "resources/public/js/compiled/alex.js" from ["src"]...
[32mSuccessfully compiled build :dev to "resources/public/js/compiled/alex.js" in 0.553 seconds.[0m
notifying browser that file changed:  resources/public/js/compiled/out/alex/core.js
Compiling build :dev to "resources/public/js/compiled/alex.js" from ["src"]...
[32mSuccessfully compiled build :dev to "resources/public/js/compiled/alex.js" in 0.503 seconds.[0m
notifying browser that file changed:  resources/public/js/compiled/out/alex/core.js
Compiling build :dev to "resources/public/js/compiled/alex.js" from ["src"]...
[32mSuccessfully compiled build :dev to "resources/public/js/compiled/alex.js" in 0.521 seconds.[0m
notifying browser that file changed:  resources/public/js/compiled/out/alex/core.js
Compiling build :dev to "resources/public/js/compiled/alex.js" from ["src"]...
[32mSuccessfully compiled build :dev to "resources/public/js/compiled/alex.js" in 0.482 seconds.[0m
notifying browser that file changed:  resources/public/js/compiled/out/alex/core.js
Compiling build :dev to "resources/public/js/compiled/alex.js" from ["src"]...
[32mSuccessfully compiled build :dev to "resources/public/js/compiled/alex.js" in 0.441 seconds.[0m
notifying browser that file changed:  resources/public/js/compiled/out/alex/core.js
Compiling build :dev to "resources/public/js/compiled/alex.js" from ["src"]...
[32mSuccessfully compiled build :dev to "resources/public/js/compiled/alex.js" in 0.48 seconds.[0m
notifying browser that file changed:  resources/public/js/compiled/out/alex/core.js
Compiling build :dev to "resources/public/js/compiled/alex.js" from ["src"]...
[32mSuccessfully compiled build :dev to "resources/public/js/compiled/alex.js" in 0.446 seconds.[0m
notifying browser that file changed:  resources/public/js/compiled/out/alex/core.js
Compiling build :dev to "resources/public/js/compiled/alex.js" from ["src"]...
[32mSuccessfully compiled build :dev to "resources/public/js/compiled/alex.js" in 0.494 seconds.[0m
notifying browser that file changed:  resources/public/js/compiled/out/alex/core.js
Notifying browser that CSS file changed: resources/public/css/style.css
Notifying browser that CSS file changed: resources/public/css/style.css
Compiling build :dev to "resources/public/js/compiled/alex.js" from ["src"]...
[32mSuccessfully compiled build :dev to "resources/public/js/compiled/alex.js" in 2.404 seconds.[0m
notifying browser that file changed:  resources/public/js/compiled/out/goog/deps.js
notifying browser that file changed:  resources/public/js/compiled/out/cljs_deps.js
notifying browser that file changed:  resources/public/js/compiled/out/alex/core.js
Compiling build :dev to "resources/public/js/compiled/alex.js" from ["src"]...
[32mSuccessfully compiled build :dev to "resources/public/js/compiled/alex.js" in 0.858 seconds.[0m
notifying browser that file changed:  resources/public/js/compiled/out/alex/core.js
Compiling build :dev to "resources/public/js/compiled/alex.js" from ["src"]...
[32mSuccessfully compiled build :dev to "resources/public/js/compiled/alex.js" in 0.808 seconds.[0m
notifying browser that file changed:  resources/public/js/compiled/out/alex/core.js
Notifying browser that CSS file changed: resources/public/css/style.css
Notifying browser that CSS file changed: resources/public/css/style.css
Compiling build :dev to "resources/public/js/compiled/alex.js" from ["src"]...
[32mSuccessfully compiled build :dev to "resources/public/js/compiled/alex.js" in 0.753 seconds.[0m
notifying browser that file changed:  resources/public/js/compiled/out/alex/core.js
Notifying browser that CSS file changed: resources/public/css/style.css
Notifying browser that CSS file changed: resources/public/css/style.css
Notifying browser that CSS file changed: resources/public/css/style.css
Notifying browser that CSS file changed: resources/public/css/style.css
Notifying browser that CSS file changed: resources/public/css/style.css
Notifying browser that CSS file changed: resources/public/css/style.css
Notifying browser that CSS file changed: resources/public/css/style.css
Notifying browser that CSS file changed: resources/public/css/style.css
Notifying browser that CSS file changed: resources/public/css/style.css
Compiling build :dev to "resources/public/js/compiled/alex.js" from ["src"]...
[32mSuccessfully compiled build :dev to "resources/public/js/compiled/alex.js" in 0.586 seconds.[0m
notifying browser that file changed:  resources/public/js/compiled/out/alex/core.js
Compiling build :dev to "resources/public/js/compiled/alex.js" from ["src"]...
[32mSuccessfully compiled build :dev to "resources/public/js/compiled/alex.js" in 0.466 seconds.[0m
notifying browser that file changed:  resources/public/js/compiled/out/alex/core.js
Notifying browser that CSS file changed: resources/public/css/style.css
Compiling build :dev to "resources/public/js/compiled/alex.js" from ["src"]...
[32mSuccessfully compiled build :dev to "resources/public/js/compiled/alex.js" in 0.544 seconds.[0m
notifying browser that file changed:  resources/public/js/compiled/out/alex/core.js
Notifying browser that CSS file changed: resources/public/css/style.css
Notifying browser that CSS file changed: resources/public/css/style.css
Notifying browser that CSS file changed: resources/public/css/style.css
Compiling build :dev to "resources/public/js/compiled/alex.js" from ["src"]...
[32mSuccessfully compiled build :dev to "resources/public/js/compiled/alex.js" in 0.577 seconds.[0m
notifying browser that file changed:  resources/public/js/compiled/out/alex/core.js
Compiling build :dev to "resources/public/js/compiled/alex.js" from ["src"]...
[32mSuccessfully compiled build :dev to "resources/public/js/compiled/alex.js" in 0.514 seconds.[0m
notifying browser that file changed:  resources/public/js/compiled/out/alex/core.js
Notifying browser that CSS file changed: resources/public/css/style.css
Notifying browser that CSS file changed: resources/public/css/style.css
Compiling build :dev to "resources/public/js/compiled/alex.js" from ["src"]...
[32mSuccessfully compiled build :dev to "resources/public/js/compiled/alex.js" in 1.594 seconds.[0m
notifying browser that file changed:  resources/public/js/compiled/out/alex/core.js
Compiling build :dev to "resources/public/js/compiled/alex.js" from ["src"]...
[32mSuccessfully compiled build :dev to "resources/public/js/compiled/alex.js" in 1.014 seconds.[0m
notifying browser that file changed:  resources/public/js/compiled/out/alex/core.js
Compiling build :dev to "resources/public/js/compiled/alex.js" from ["src"]...
[32mSuccessfully compiled build :dev to "resources/public/js/compiled/alex.js" in 0.516 seconds.[0m
notifying browser that file changed:  resources/public/js/compiled/out/alex/core.js
Compiling build :dev to "resources/public/js/compiled/alex.js" from ["src"]...
[32mSuccessfully compiled build :dev to "resources/public/js/compiled/alex.js" in 0.557 seconds.[0m
notifying browser that file changed:  resources/public/js/compiled/out/alex/core.js
Compiling build :dev to "resources/public/js/compiled/alex.js" from ["src"]...
[32mSuccessfully compiled build :dev to "resources/public/js/compiled/alex.js" in 0.471 seconds.[0m
notifying browser that file changed:  resources/public/js/compiled/out/alex/core.js
Notifying browser that CSS file changed: resources/public/css/style.css
Compiling build :dev to "resources/public/js/compiled/alex.js" from ["src"]...
[32mSuccessfully compiled build :dev to "resources/public/js/compiled/alex.js" in 0.526 seconds.[0m
notifying browser that file changed:  resources/public/js/compiled/out/alex/core.js
Compiling build :dev to "resources/public/js/compiled/alex.js" from ["src"]...
[32mSuccessfully compiled build :dev to "resources/public/js/compiled/alex.js" in 0.577 seconds.[0m
notifying browser that file changed:  resources/public/js/compiled/out/alex/core.js
Compiling build :dev to "resources/public/js/compiled/alex.js" from ["src"]...
[32mSuccessfully compiled build :dev to "resources/public/js/compiled/alex.js" in 0.576 seconds.[0m
notifying browser that file changed:  resources/public/js/compiled/out/alex/core.js
Notifying browser that CSS file changed: resources/public/css/style.css
Compiling build :dev to "resources/public/js/compiled/alex.js" from ["src"]...
[32mSuccessfully compiled build :dev to "resources/public/js/compiled/alex.js" in 0.555 seconds.[0m
notifying browser that file changed:  resources/public/js/compiled/out/alex/core.js
Compiling build :dev to "resources/public/js/compiled/alex.js" from ["src"]...
[32mSuccessfully compiled build :dev to "resources/public/js/compiled/alex.js" in 1.332 seconds.[0m
notifying browser that file changed:  resources/public/js/compiled/out/alex/core.js
Compiling build :dev to "resources/public/js/compiled/alex.js" from ["src"]...
[32mSuccessfully compiled build :dev to "resources/public/js/compiled/alex.js" in 0.874 seconds.[0m
notifying browser that file changed:  resources/public/js/compiled/out/alex/core.js
Compiling build :dev to "resources/public/js/compiled/alex.js" from ["src"]...
[32mSuccessfully compiled build :dev to "resources/public/js/compiled/alex.js" in 0.667 seconds.[0m
notifying browser that file changed:  resources/public/js/compiled/out/alex/core.js
Compiling build :dev to "resources/public/js/compiled/alex.js" from ["src"]...
[32mSuccessfully compiled build :dev to "resources/public/js/compiled/alex.js" in 0.508 seconds.[0m
notifying browser that file changed:  resources/public/js/compiled/out/alex/core.js
Compiling build :dev to "resources/public/js/compiled/alex.js" from ["src"]...
[32mSuccessfully compiled build :dev to "resources/public/js/compiled/alex.js" in 0.441 seconds.[0m
notifying browser that file changed:  resources/public/js/compiled/out/alex/core.js
Compiling build :dev to "resources/public/js/compiled/alex.js" from ["src"]...
[32mSuccessfully compiled build :dev to "resources/public/js/compiled/alex.js" in 0.494 seconds.[0m
notifying browser that file changed:  resources/public/js/compiled/out/alex/core.js
Compiling build :dev to "resources/public/js/compiled/alex.js" from ["src"]...
[32mSuccessfully compiled build :dev to "resources/public/js/compiled/alex.js" in 0.514 seconds.[0m
notifying browser that file changed:  resources/public/js/compiled/out/alex/core.js
Compiling build :dev to "resources/public/js/compiled/alex.js" from ["src"]...
[32mSuccessfully compiled build :dev to "resources/public/js/compiled/alex.js" in 0.52 seconds.[0m
notifying browser that file changed:  resources/public/js/compiled/out/alex/core.js
Compiling build :dev to "resources/public/js/compiled/alex.js" from ["src"]...
[32mSuccessfully compiled build :dev to "resources/public/js/compiled/alex.js" in 0.502 seconds.[0m
notifying browser that file changed:  resources/public/js/compiled/out/alex/core.js
Compiling build :dev to "resources/public/js/compiled/alex.js" from ["src"]...
[31mFailed to compile build :dev from ["src"] in 0.28 seconds.[0m
[36m----  Could not Read  src/alex/core.cljs   line:46 ----[0m

  [1m/Users/alex/git/engelberg.lol/alex.engelberg.lol/src/alex/core.cljs [line 46, col 27] Invalid number: 20px.[0m

  [36m44[0m  [36m  {:src "/img/laptop-emoji.png"[0m
  [36m45[0m  [36m   :display "block"[0m
  [33m46[0m  [1m   :style {:height 20px}}][0m
  [0m  [0m  [33m   /Users/alex/git/engelberg.lol/alex.engelberg.lol/src/alex/core.cljs [line 46, col 27] Invalid number: 20px.[0m
  [36m47[0m  [36m [:div "(this kind of keyboard)"]][0m
  [36m48[0m  [36m(for [i (range 100)][0m
  [36m49[0m  [36m  [:div "Hello"])[0m

[36m----  Reader Error : Please see src/alex/core.cljs  ----[0m
Compiling build :dev to "resources/public/js/compiled/alex.js" from ["src"]...
[32mSuccessfully compiled build :dev to "resources/public/js/compiled/alex.js" in 0.555 seconds.[0m
notifying browser that file changed:  resources/public/js/compiled/out/alex/core.js
Compiling build :dev to "resources/public/js/compiled/alex.js" from ["src"]...
[32mSuccessfully compiled build :dev to "resources/public/js/compiled/alex.js" in 0.526 seconds.[0m
notifying browser that file changed:  resources/public/js/compiled/out/alex/core.js
Compiling build :dev to "resources/public/js/compiled/alex.js" from ["src"]...
[32mSuccessfully compiled build :dev to "resources/public/js/compiled/alex.js" in 0.598 seconds.[0m
notifying browser that file changed:  resources/public/js/compiled/out/alex/core.js
Compiling build :dev to "resources/public/js/compiled/alex.js" from ["src"]...
[32mSuccessfully compiled build :dev to "resources/public/js/compiled/alex.js" in 0.572 seconds.[0m
notifying browser that file changed:  resources/public/js/compiled/out/alex/core.js
Compiling build :dev to "resources/public/js/compiled/alex.js" from ["src"]...
[32mSuccessfully compiled build :dev to "resources/public/js/compiled/alex.js" in 0.535 seconds.[0m
notifying browser that file changed:  resources/public/js/compiled/out/alex/core.js
Compiling build :dev to "resources/public/js/compiled/alex.js" from ["src"]...
[32mSuccessfully compiled build :dev to "resources/public/js/compiled/alex.js" in 0.577 seconds.[0m
notifying browser that file changed:  resources/public/js/compiled/out/alex/core.js
Compiling build :dev to "resources/public/js/compiled/alex.js" from ["src"]...
[32mSuccessfully compiled build :dev to "resources/public/js/compiled/alex.js" in 0.473 seconds.[0m
notifying browser that file changed:  resources/public/js/compiled/out/alex/core.js
Compiling build :dev to "resources/public/js/compiled/alex.js" from ["src"]...
[32mSuccessfully compiled build :dev to "resources/public/js/compiled/alex.js" in 0.511 seconds.[0m
notifying browser that file changed:  resources/public/js/compiled/out/alex/core.js
Compiling build :dev to "resources/public/js/compiled/alex.js" from ["src"]...
[32mSuccessfully compiled build :dev to "resources/public/js/compiled/alex.js" in 0.465 seconds.[0m
notifying browser that file changed:  resources/public/js/compiled/out/alex/core.js
Compiling build :dev to "resources/public/js/compiled/alex.js" from ["src"]...
[32mSuccessfully compiled build :dev to "resources/public/js/compiled/alex.js" in 0.449 seconds.[0m
notifying browser that file changed:  resources/public/js/compiled/out/alex/core.js
Compiling build :dev to "resources/public/js/compiled/alex.js" from ["src"]...
[32mSuccessfully compiled build :dev to "resources/public/js/compiled/alex.js" in 0.499 seconds.[0m
notifying browser that file changed:  resources/public/js/compiled/out/alex/core.js
Compiling build :dev to "resources/public/js/compiled/alex.js" from ["src"]...
[32mSuccessfully compiled build :dev to "resources/public/js/compiled/alex.js" in 0.532 seconds.[0m
notifying browser that file changed:  resources/public/js/compiled/out/alex/core.js
Compiling build :dev to "resources/public/js/compiled/alex.js" from ["src"]...
[32mSuccessfully compiled build :dev to "resources/public/js/compiled/alex.js" in 0.509 seconds.[0m
notifying browser that file changed:  resources/public/js/compiled/out/alex/core.js
Compiling build :dev to "resources/public/js/compiled/alex.js" from ["src"]...
[32mSuccessfully compiled build :dev to "resources/public/js/compiled/alex.js" in 0.504 seconds.[0m
notifying browser that file changed:  resources/public/js/compiled/out/alex/core.js
Compiling build :dev to "resources/public/js/compiled/alex.js" from ["src"]...
[32mSuccessfully compiled build :dev to "resources/public/js/compiled/alex.js" in 1.324 seconds.[0m
notifying browser that file changed:  resources/public/js/compiled/out/alex/core.js
Compiling build :dev to "resources/public/js/compiled/alex.js" from ["src"]...
[32mSuccessfully compiled build :dev to "resources/public/js/compiled/alex.js" in 0.544 seconds.[0m
notifying browser that file changed:  resources/public/js/compiled/out/alex/core.js
Notifying browser that CSS file changed: resources/public/css/style.css
Compiling build :dev to "resources/public/js/compiled/alex.js" from ["src"]...
[32mSuccessfully compiled build :dev to "resources/public/js/compiled/alex.js" in 0.497 seconds.[0m
notifying browser that file changed:  resources/public/js/compiled/out/alex/core.js
Compiling build :dev to "resources/public/js/compiled/alex.js" from ["src"]...
[32mSuccessfully compiled build :dev to "resources/public/js/compiled/alex.js" in 0.663 seconds.[0m
notifying browser that file changed:  resources/public/js/compiled/out/alex/core.js
Compiling build :dev to "resources/public/js/compiled/alex.js" from ["src"]...
[32mSuccessfully compiled build :dev to "resources/public/js/compiled/alex.js" in 0.543 seconds.[0m
notifying browser that file changed:  resources/public/js/compiled/out/alex/core.js
Compiling build :dev to "resources/public/js/compiled/alex.js" from ["src"]...
[32mSuccessfully compiled build :dev to "resources/public/js/compiled/alex.js" in 0.482 seconds.[0m
notifying browser that file changed:  resources/public/js/compiled/out/alex/core.js
Compiling build :dev to "resources/public/js/compiled/alex.js" from ["src"]...
[32mSuccessfully compiled build :dev to "resources/public/js/compiled/alex.js" in 0.482 seconds.[0m
notifying browser that file changed:  resources/public/js/compiled/out/alex/core.js
Compiling build :dev to "resources/public/js/compiled/alex.js" from ["src"]...
[32mSuccessfully compiled build :dev to "resources/public/js/compiled/alex.js" in 0.455 seconds.[0m
notifying browser that file changed:  resources/public/js/compiled/out/alex/core.js
Compiling build :dev to "resources/public/js/compiled/alex.js" from ["src"]...
[32mSuccessfully compiled build :dev to "resources/public/js/compiled/alex.js" in 0.45 seconds.[0m
notifying browser that file changed:  resources/public/js/compiled/out/cljs_deps.js
notifying browser that file changed:  resources/public/js/compiled/out/alex/icons.js
Compiling build :dev to "resources/public/js/compiled/alex.js" from ["src"]...
[32mSuccessfully compiled build :dev to "resources/public/js/compiled/alex.js" in 0.489 seconds.[0m
notifying browser that file changed:  resources/public/js/compiled/out/cljs_deps.js
notifying browser that file changed:  resources/public/js/compiled/out/alex/core.js
Compiling build :dev to "resources/public/js/compiled/alex.js" from ["src"]...
[32mSuccessfully compiled build :dev to "resources/public/js/compiled/alex.js" in 0.49 seconds.[0m
notifying browser that file changed:  resources/public/js/compiled/out/alex/core.js
Compiling build :dev to "resources/public/js/compiled/alex.js" from ["src"]...
[32mSuccessfully compiled build :dev to "resources/public/js/compiled/alex.js" in 0.525 seconds.[0m
notifying browser that file changed:  resources/public/js/compiled/out/alex/core.js
Compiling build :dev to "resources/public/js/compiled/alex.js" from ["src"]...
[32mSuccessfully compiled build :dev to "resources/public/js/compiled/alex.js" in 0.789 seconds.[0m
notifying browser that file changed:  resources/public/js/compiled/out/alex/core.js
Compiling build :dev to "resources/public/js/compiled/alex.js" from ["src"]...
[32mSuccessfully compiled build :dev to "resources/public/js/compiled/alex.js" in 0.674 seconds.[0m
notifying browser that file changed:  resources/public/js/compiled/out/alex/core.js
Compiling build :dev to "resources/public/js/compiled/alex.js" from ["src"]...
[32mSuccessfully compiled build :dev to "resources/public/js/compiled/alex.js" in 0.515 seconds.[0m
notifying browser that file changed:  resources/public/js/compiled/out/alex/core.js
Notifying browser that CSS file changed: resources/public/css/style.css
Notifying browser that CSS file changed: resources/public/css/style.css
Compiling build :dev to "resources/public/js/compiled/alex.js" from ["src"]...
[32mSuccessfully compiled build :dev to "resources/public/js/compiled/alex.js" in 0.518 seconds.[0m
notifying browser that file changed:  resources/public/js/compiled/out/alex/core.js
Notifying browser that CSS file changed: resources/public/css/style.css
Compiling build :dev to "resources/public/js/compiled/alex.js" from ["src"]...
[32mSuccessfully compiled build :dev to "resources/public/js/compiled/alex.js" in 0.47 seconds.[0m
notifying browser that file changed:  resources/public/js/compiled/out/alex/core.js
Compiling build :dev to "resources/public/js/compiled/alex.js" from ["src"]...
[32mSuccessfully compiled build :dev to "resources/public/js/compiled/alex.js" in 0.459 seconds.[0m
notifying browser that file changed:  resources/public/js/compiled/out/alex/core.js
Compiling build :dev to "resources/public/js/compiled/alex.js" from ["src"]...
[32mSuccessfully compiled build :dev to "resources/public/js/compiled/alex.js" in 0.585 seconds.[0m
notifying browser that file changed:  resources/public/js/compiled/out/alex/core.js
Compiling build :dev to "resources/public/js/compiled/alex.js" from ["src"]...
[32mSuccessfully compiled build :dev to "resources/public/js/compiled/alex.js" in 0.616 seconds.[0m
notifying browser that file changed:  resources/public/js/compiled/out/alex/core.js
Compiling build :dev to "resources/public/js/compiled/alex.js" from ["src"]...
[32mSuccessfully compiled build :dev to "resources/public/js/compiled/alex.js" in 0.588 seconds.[0m
notifying browser that file changed:  resources/public/js/compiled/out/alex/icons.js
Compiling build :dev to "resources/public/js/compiled/alex.js" from ["src"]...
[32mSuccessfully compiled build :dev to "resources/public/js/compiled/alex.js" in 0.465 seconds.[0m
notifying browser that file changed:  resources/public/js/compiled/out/alex/core.js
Compiling build :dev to "resources/public/js/compiled/alex.js" from ["src"]...
[36m----  Compiler Warning on   src/alex/core.cljs   line:56  column:5  ----[0m

  [1mUse of undeclared Var alex.core/titles[0m

  [36m53[0m  [36m(defn page[0m
  [36m54[0m  [36m  [][0m
  [36m55[0m  [36m  [:div.main[0m
  [33m56[0m  [1m   [titles][0m
  [0m  [0m  [33m    ^--- Use of undeclared Var alex.core/titles[0m
  [36m57[0m  [36m   [:p.center[0m
  [36m58[0m  [36m    [:img[0m
  [36m59[0m  [36m     {:src "/img/alex-square.png"[0m
  [36m60[0m  [36m      :style {:height "100px"}}]][0m
  [36m61[0m  [36m   [social-media][0m

[36m----  Compiler Warning : Please see src/alex/core.cljs  ----[0m
[32mSuccessfully compiled build :dev to "resources/public/js/compiled/alex.js" in 0.505 seconds.[0m
notifying browser that file changed:  resources/public/js/compiled/out/alex/core.js
Compiling build :dev to "resources/public/js/compiled/alex.js" from ["src"]...
[32mSuccessfully compiled build :dev to "resources/public/js/compiled/alex.js" in 0.512 seconds.[0m
notifying browser that file changed:  resources/public/js/compiled/out/alex/core.js
Compiling build :dev to "resources/public/js/compiled/alex.js" from ["src"]...
[36m----  Compiler Warning on   src/alex/core.cljs   line:84  column:5  ----[0m

  [1mUse of undeclared Var alex.core/software[0m

  [36m80[0m  [36m[:p "Welcome to my site! I make music and software."][0m
  [36m81[0m  [36m[:hr][0m
  [36m82[0m  [36m[music][0m
  [36m83[0m  [36m[:hr][0m
  [33m84[0m  [1m[software][0m
  [0m  [0m  [33m ^--- Use of undeclared Var alex.core/software[0m
  [36m85[0m  [36m[:p.center[0m
  [36m86[0m  [36m [:img[0m
  [36m87[0m  [36m  {:src "/img/laptop-emoji.png"[0m
  [36m88[0m  [36m   :style {:height "100px"}}]][0m
  [36m89[0m  [36m(for [i (range 10)][0m

[36m----  Compiler Warning : Please see src/alex/core.cljs  ----[0m
[32mSuccessfully compiled build :dev to "resources/public/js/compiled/alex.js" in 0.59 seconds.[0m
notifying browser that file changed:  resources/public/js/compiled/out/alex/core.js
Compiling build :dev to "resources/public/js/compiled/alex.js" from ["src"]...
[36m----  Compiler Warning on   src/alex/core.cljs   line:84  column:5  ----[0m

  [1mUse of undeclared Var alex.core/software[0m

  [36m80[0m  [36m[:p "Welcome to my site! I make music and software."][0m
  [36m81[0m  [36m[:hr][0m
  [36m82[0m  [36m[music][0m
  [36m83[0m  [36m[:hr][0m
  [33m84[0m  [1m[software][0m
  [0m  [0m  [33m ^--- Use of undeclared Var alex.core/software[0m
  [36m85[0m  [36m[:hr][0m
  [36m86[0m  [36m#_[0m
  [36m87[0m  [36m[:table[0m
  [36m88[0m  [36m [:tr[0m
  [36m89[0m  [36m  [:td "hi"][0m

[36m----  Compiler Warning : Please see src/alex/core.cljs  ----[0m
[32mSuccessfully compiled build :dev to "resources/public/js/compiled/alex.js" in 0.504 seconds.[0m
notifying browser that file changed:  resources/public/js/compiled/out/alex/core.js
Compiling build :dev to "resources/public/js/compiled/alex.js" from ["src"]...
[32mSuccessfully compiled build :dev to "resources/public/js/compiled/alex.js" in 0.494 seconds.[0m
notifying browser that file changed:  resources/public/js/compiled/out/alex/core.js
Compiling build :dev to "resources/public/js/compiled/alex.js" from ["src"]...
[32mSuccessfully compiled build :dev to "resources/public/js/compiled/alex.js" in 0.519 seconds.[0m
notifying browser that file changed:  resources/public/js/compiled/out/alex/core.js
Compiling build :dev to "resources/public/js/compiled/alex.js" from ["src"]...
[32mSuccessfully compiled build :dev to "resources/public/js/compiled/alex.js" in 0.455 seconds.[0m
notifying browser that file changed:  resources/public/js/compiled/out/alex/core.js
Compiling build :dev to "resources/public/js/compiled/alex.js" from ["src"]...
[32mSuccessfully compiled build :dev to "resources/public/js/compiled/alex.js" in 0.467 seconds.[0m
notifying browser that file changed:  resources/public/js/compiled/out/alex/core.js
Compiling build :dev to "resources/public/js/compiled/alex.js" from ["src"]...
[32mSuccessfully compiled build :dev to "resources/public/js/compiled/alex.js" in 0.616 seconds.[0m
notifying browser that file changed:  resources/public/js/compiled/out/alex/icons.js
Compiling build :dev to "resources/public/js/compiled/alex.js" from ["src"]...
[32mSuccessfully compiled build :dev to "resources/public/js/compiled/alex.js" in 0.656 seconds.[0m
notifying browser that file changed:  resources/public/js/compiled/out/alex/core.js
Compiling build :dev to "resources/public/js/compiled/alex.js" from ["src"]...
[32mSuccessfully compiled build :dev to "resources/public/js/compiled/alex.js" in 0.573 seconds.[0m
notifying browser that file changed:  resources/public/js/compiled/out/alex/core.js
Compiling build :dev to "resources/public/js/compiled/alex.js" from ["src"]...
[32mSuccessfully compiled build :dev to "resources/public/js/compiled/alex.js" in 0.911 seconds.[0m
notifying browser that file changed:  resources/public/js/compiled/out/alex/core.js
Compiling build :dev to "resources/public/js/compiled/alex.js" from ["src"]...
[32mSuccessfully compiled build :dev to "resources/public/js/compiled/alex.js" in 0.676 seconds.[0m
notifying browser that file changed:  resources/public/js/compiled/out/alex/core.js
Compiling build :dev to "resources/public/js/compiled/alex.js" from ["src"]...
[32mSuccessfully compiled build :dev to "resources/public/js/compiled/alex.js" in 1.475 seconds.[0m
notifying browser that file changed:  resources/public/js/compiled/out/alex/core.js
Compiling build :dev to "resources/public/js/compiled/alex.js" from ["src"]...
[32mSuccessfully compiled build :dev to "resources/public/js/compiled/alex.js" in 0.463 seconds.[0m
notifying browser that file changed:  resources/public/js/compiled/out/alex/core.js
Compiling build :dev to "resources/public/js/compiled/alex.js" from ["src"]...
[32mSuccessfully compiled build :dev to "resources/public/js/compiled/alex.js" in 0.58 seconds.[0m
notifying browser that file changed:  resources/public/js/compiled/out/alex/core.js
Compiling build :dev to "resources/public/js/compiled/alex.js" from ["src"]...
[32mSuccessfully compiled build :dev to "resources/public/js/compiled/alex.js" in 0.576 seconds.[0m
notifying browser that file changed:  resources/public/js/compiled/out/alex/core.js
Compiling build :dev to "resources/public/js/compiled/alex.js" from ["src"]...
[32mSuccessfully compiled build :dev to "resources/public/js/compiled/alex.js" in 0.534 seconds.[0m
notifying browser that file changed:  resources/public/js/compiled/out/alex/core.js
Compiling build :dev to "resources/public/js/compiled/alex.js" from ["src"]...
[32mSuccessfully compiled build :dev to "resources/public/js/compiled/alex.js" in 0.718 seconds.[0m
notifying browser that file changed:  resources/public/js/compiled/out/alex/core.js
Compiling build :dev to "resources/public/js/compiled/alex.js" from ["src"]...
[32mSuccessfully compiled build :dev to "resources/public/js/compiled/alex.js" in 0.665 seconds.[0m
notifying browser that file changed:  resources/public/js/compiled/out/alex/core.js
Compiling build :dev to "resources/public/js/compiled/alex.js" from ["src"]...
[32mSuccessfully compiled build :dev to "resources/public/js/compiled/alex.js" in 0.624 seconds.[0m
notifying browser that file changed:  resources/public/js/compiled/out/alex/core.js
Compiling build :dev to "resources/public/js/compiled/alex.js" from ["src"]...
[32mSuccessfully compiled build :dev to "resources/public/js/compiled/alex.js" in 0.627 seconds.[0m
notifying browser that file changed:  resources/public/js/compiled/out/alex/core.js
Compiling build :dev to "resources/public/js/compiled/alex.js" from ["src"]...
[32mSuccessfully compiled build :dev to "resources/public/js/compiled/alex.js" in 0.515 seconds.[0m
notifying browser that file changed:  resources/public/js/compiled/out/alex/core.js
Compiling build :dev to "resources/public/js/compiled/alex.js" from ["src"]...
[32mSuccessfully compiled build :dev to "resources/public/js/compiled/alex.js" in 0.593 seconds.[0m
notifying browser that file changed:  resources/public/js/compiled/out/alex/core.js
Compiling build :dev to "resources/public/js/compiled/alex.js" from ["src"]...
[32mSuccessfully compiled build :dev to "resources/public/js/compiled/alex.js" in 1.065 seconds.[0m
notifying browser that file changed:  resources/public/js/compiled/out/alex/core.js
Compiling build :dev to "resources/public/js/compiled/alex.js" from ["src"]...
[32mSuccessfully compiled build :dev to "resources/public/js/compiled/alex.js" in 0.693 seconds.[0m
notifying browser that file changed:  resources/public/js/compiled/out/alex/core.js
Compiling build :dev to "resources/public/js/compiled/alex.js" from ["src"]...
[32mSuccessfully compiled build :dev to "resources/public/js/compiled/alex.js" in 0.524 seconds.[0m
notifying browser that file changed:  resources/public/js/compiled/out/alex/core.js
Compiling build :dev to "resources/public/js/compiled/alex.js" from ["src"]...
[32mSuccessfully compiled build :dev to "resources/public/js/compiled/alex.js" in 0.651 seconds.[0m
notifying browser that file changed:  resources/public/js/compiled/out/alex/core.js
Compiling build :dev to "resources/public/js/compiled/alex.js" from ["src"]...
[32mSuccessfully compiled build :dev to "resources/public/js/compiled/alex.js" in 0.493 seconds.[0m
notifying browser that file changed:  resources/public/js/compiled/out/alex/core.js
Compiling build :dev to "resources/public/js/compiled/alex.js" from ["src"]...
[32mSuccessfully compiled build :dev to "resources/public/js/compiled/alex.js" in 0.518 seconds.[0m
notifying browser that file changed:  resources/public/js/compiled/out/alex/core.js
Compiling build :dev to "resources/public/js/compiled/alex.js" from ["src"]...
[32mSuccessfully compiled build :dev to "resources/public/js/compiled/alex.js" in 0.532 seconds.[0m
notifying browser that file changed:  resources/public/js/compiled/out/alex/core.js
Compiling build :dev to "resources/public/js/compiled/alex.js" from ["src"]...
[32mSuccessfully compiled build :dev to "resources/public/js/compiled/alex.js" in 0.509 seconds.[0m
notifying browser that file changed:  resources/public/js/compiled/out/alex/core.js
Compiling build :dev to "resources/public/js/compiled/alex.js" from ["src"]...
[32mSuccessfully compiled build :dev to "resources/public/js/compiled/alex.js" in 0.584 seconds.[0m
notifying browser that file changed:  resources/public/js/compiled/out/alex/core.js
Compiling build :dev to "resources/public/js/compiled/alex.js" from ["src"]...
[32mSuccessfully compiled build :dev to "resources/public/js/compiled/alex.js" in 0.49 seconds.[0m
notifying browser that file changed:  resources/public/js/compiled/out/alex/core.js
Compiling build :dev to "resources/public/js/compiled/alex.js" from ["src"]...
[32mSuccessfully compiled build :dev to "resources/public/js/compiled/alex.js" in 0.519 seconds.[0m
notifying browser that file changed:  resources/public/js/compiled/out/alex/core.js
Compiling build :dev to "resources/public/js/compiled/alex.js" from ["src"]...
[32mSuccessfully compiled build :dev to "resources/public/js/compiled/alex.js" in 0.538 seconds.[0m
notifying browser that file changed:  resources/public/js/compiled/out/alex/core.js
Compiling build :dev to "resources/public/js/compiled/alex.js" from ["src"]...
[32mSuccessfully compiled build :dev to "resources/public/js/compiled/alex.js" in 0.589 seconds.[0m
notifying browser that file changed:  resources/public/js/compiled/out/alex/core.js
Compiling build :dev to "resources/public/js/compiled/alex.js" from ["src"]...
[32mSuccessfully compiled build :dev to "resources/public/js/compiled/alex.js" in 0.49 seconds.[0m
notifying browser that file changed:  resources/public/js/compiled/out/alex/core.js
Compiling build :dev to "resources/public/js/compiled/alex.js" from ["src"]...
[32mSuccessfully compiled build :dev to "resources/public/js/compiled/alex.js" in 0.482 seconds.[0m
notifying browser that file changed:  resources/public/js/compiled/out/alex/core.js
Compiling build :dev to "resources/public/js/compiled/alex.js" from ["src"]...
[32mSuccessfully compiled build :dev to "resources/public/js/compiled/alex.js" in 0.532 seconds.[0m
notifying browser that file changed:  resources/public/js/compiled/out/alex/core.js
Compiling build :dev to "resources/public/js/compiled/alex.js" from ["src"]...
[32mSuccessfully compiled build :dev to "resources/public/js/compiled/alex.js" in 1.098 seconds.[0m
notifying browser that file changed:  resources/public/js/compiled/out/alex/core.js
Compiling build :dev to "resources/public/js/compiled/alex.js" from ["src"]...
[36m----  Compiler Warning on   src/alex/core.cljs   line:82  column:3  ----[0m

  [1mUse of undeclared Var alex.core/<iframe[0m

  [36m78[0m  [36m            :scrolling "no"[0m
  [36m79[0m  [36m            :frameborder "no"[0m
  [36m80[0m  [36m            :allow "autoplay"[0m
  [36m81[0m  [36m            :src src}][0m
  [33m82[0m  [1m  <iframe width="100%" height="300" scrolling="no" frameborder="no" allow="autoplay" src=></iframe>)[0m
  [0m  [0m  [33m  ^--- Use of undeclared Var alex.core/<iframe[0m
  [36m83[0m  [36m[0m
  [36m84[0m  [36m;; [0m
  [36m85[0m  [36m[0m
  [36m86[0m  [36m[0m
  [36m87[0m  [36m(defn music[0m

[36m----  Compiler Warning : Please see src/alex/core.cljs  ----[0m
[36m----  Compiler Warning on   src/alex/core.cljs   line:82  column:11  ----[0m

  [1mUse of undeclared Var alex.core/width=[0m

  [36m78[0m  [36m            :scrolling "no"[0m
  [36m79[0m  [36m            :frameborder "no"[0m
  [36m80[0m  [36m            :allow "autoplay"[0m
  [36m81[0m  [36m            :src src}][0m
  [33m82[0m  [1m  <iframe width="100%" height="300" scrolling="no" frameborder="no" allow="autoplay" src=></iframe>)[0m
  [0m  [0m  [33m          ^--- Use of undeclared Var alex.core/width=[0m
  [36m83[0m  [36m[0m
  [36m84[0m  [36m;; [0m
  [36m85[0m  [36m[0m
  [36m86[0m  [36m[0m
  [36m87[0m  [36m(defn music[0m

[36m----  Compiler Warning : Please see src/alex/core.cljs  ----[0m
[36m----  Compiler Warning on   src/alex/core.cljs   line:82  column:24  ----[0m

  [1mUse of undeclared Var alex.core/height=[0m

  [36m78[0m  [36m            :scrolling "no"[0m
  [36m79[0m  [36m            :frameborder "no"[0m
  [36m80[0m  [36m            :allow "autoplay"[0m
  [36m81[0m  [36m            :src src}][0m
  [33m82[0m  [1m  <iframe width="100%" height="300" scrolling="no" frameborder="no" allow="autoplay" src=></iframe>)[0m
  [0m  [0m  [33m                       ^--- Use of undeclared Var alex.core/height=[0m
  [36m83[0m  [36m[0m
  [36m84[0m  [36m;; [0m
  [36m85[0m  [36m[0m
  [36m86[0m  [36m[0m
  [36m87[0m  [36m(defn music[0m

[36m----  Compiler Warning : Please see src/alex/core.cljs  ----[0m
[36m----  Compiler Warning on   src/alex/core.cljs   line:82  column:37  ----[0m

  [1mUse of undeclared Var alex.core/scrolling=[0m

  [36m78[0m  [36m            :scrolling "no"[0m
  [36m79[0m  [36m            :frameborder "no"[0m
  [36m80[0m  [36m            :allow "autoplay"[0m
  [36m81[0m  [36m            :src src}][0m
  [33m82[0m  [1m  <iframe width="100%" height="300" scrolling="no" frameborder="no" allow="autoplay" src=></iframe>)[0m
  [0m  [0m  [33m                                    ^--- Use of undeclared Var alex.core/scrolling=[0m
  [36m83[0m  [36m[0m
  [36m84[0m  [36m;; [0m
  [36m85[0m  [36m[0m
  [36m86[0m  [36m[0m
  [36m87[0m  [36m(defn music[0m

[36m----  Compiler Warning : Please see src/alex/core.cljs  ----[0m
[36m----  Compiler Warning on   src/alex/core.cljs   line:82  column:52  ----[0m

  [1mUse of undeclared Var alex.core/frameborder=[0m

  [36m78[0m  [36m            :scrolling "no"[0m
  [36m79[0m  [36m            :frameborder "no"[0m
  [36m80[0m  [36m            :allow "autoplay"[0m
  [36m81[0m  [36m            :src src}][0m
  [33m82[0m  [1m  <iframe width="100%" height="300" scrolling="no" frameborder="no" allow="autoplay" src=></iframe>)[0m
  [0m  [0m  [33m                                                   ^--- Use of undeclared Var alex.core/frameborder=[0m
  [36m83[0m  [36m[0m
  [36m84[0m  [36m;; [0m
  [36m85[0m  [36m[0m
  [36m86[0m  [36m[0m
  [36m87[0m  [36m(defn music[0m

[36m----  Compiler Warning : Please see src/alex/core.cljs  ----[0m
[36m----  Compiler Warning on   src/alex/core.cljs   line:82  column:69  ----[0m

  [1mUse of undeclared Var alex.core/allow=[0m

  [36m78[0m  [36m            :scrolling "no"[0m
  [36m79[0m  [36m            :frameborder "no"[0m
  [36m80[0m  [36m            :allow "autoplay"[0m
  [36m81[0m  [36m            :src src}][0m
  [33m82[0m  [1m  <iframe width="100%" height="300" scrolling="no" frameborder="no" allow="autoplay" src=></iframe>)[0m
  [0m  [0m  [33m                                                                    ^--- Use of undeclared Var alex.core/allow=[0m
  [36m83[0m  [36m[0m
  [36m84[0m  [36m;; [0m
  [36m85[0m  [36m[0m
  [36m86[0m  [36m[0m
  [36m87[0m  [36m(defn music[0m

[36m----  Compiler Warning : Please see src/alex/core.cljs  ----[0m
[36m----  Compiler Warning on   src/alex/core.cljs   line:82  column:86  ----[0m

  [1mNo such namespace: src=><, could not locate src_EQ__GT__LT_.cljs, src_EQ__GT__LT_.cljc, or JavaScript source providing "src=><"[0m

  [36m78[0m  [36m            :scrolling "no"[0m
  [36m79[0m  [36m            :frameborder "no"[0m
  [36m80[0m  [36m            :allow "autoplay"[0m
  [36m81[0m  [36m            :src src}][0m
  [33m82[0m  [1m  <iframe width="100%" height="300" scrolling="no" frameborder="no" allow="autoplay" src=></iframe>)[0m
  [0m  [0m  [33m                                                                                     ^--- No such namespace: src=><, could not locate src_EQ__GT__LT_.cljs, src_EQ__GT__LT_.cljc, or JavaScript source providing "src=><"[0m
  [36m83[0m  [36m[0m
  [36m84[0m  [36m;; [0m
  [36m85[0m  [36m[0m
  [36m86[0m  [36m[0m
  [36m87[0m  [36m(defn music[0m

[36m----  Compiler Warning : Please see src/alex/core.cljs  ----[0m
[36m----  Compiler Warning on   src/alex/core.cljs   line:82  column:86  ----[0m

  [1mUse of undeclared Var src=></iframe>[0m

  [36m78[0m  [36m            :scrolling "no"[0m
  [36m79[0m  [36m            :frameborder "no"[0m
  [36m80[0m  [36m            :allow "autoplay"[0m
  [36m81[0m  [36m            :src src}][0m
  [33m82[0m  [1m  <iframe width="100%" height="300" scrolling="no" frameborder="no" allow="autoplay" src=></iframe>)[0m
  [0m  [0m  [33m                                                                                     ^--- Use of undeclared Var src=></iframe>[0m
  [36m83[0m  [36m[0m
  [36m84[0m  [36m;; [0m
  [36m85[0m  [36m[0m
  [36m86[0m  [36m[0m
  [36m87[0m  [36m(defn music[0m

[36m----  Compiler Warning : Please see src/alex/core.cljs  ----[0m
[32mSuccessfully compiled build :dev to "resources/public/js/compiled/alex.js" in 0.705 seconds.[0m
notifying browser that file changed:  resources/public/js/compiled/out/alex/core.js
Compiling build :dev to "resources/public/js/compiled/alex.js" from ["src"]...
[32mSuccessfully compiled build :dev to "resources/public/js/compiled/alex.js" in 0.488 seconds.[0m
notifying browser that file changed:  resources/public/js/compiled/out/alex/core.js
Compiling build :dev to "resources/public/js/compiled/alex.js" from ["src"]...
[32mSuccessfully compiled build :dev to "resources/public/js/compiled/alex.js" in 0.568 seconds.[0m
notifying browser that file changed:  resources/public/js/compiled/out/alex/core.js
Compiling build :dev to "resources/public/js/compiled/alex.js" from ["src"]...
[32mSuccessfully compiled build :dev to "resources/public/js/compiled/alex.js" in 0.498 seconds.[0m
notifying browser that file changed:  resources/public/js/compiled/out/alex/core.js
Compiling build :dev to "resources/public/js/compiled/alex.js" from ["src"]...
[32mSuccessfully compiled build :dev to "resources/public/js/compiled/alex.js" in 0.56 seconds.[0m
notifying browser that file changed:  resources/public/js/compiled/out/alex/core.js
Compiling build :dev to "resources/public/js/compiled/alex.js" from ["src"]...
[32mSuccessfully compiled build :dev to "resources/public/js/compiled/alex.js" in 0.51 seconds.[0m
notifying browser that file changed:  resources/public/js/compiled/out/alex/core.js
Compiling build :dev to "resources/public/js/compiled/alex.js" from ["src"]...
[32mSuccessfully compiled build :dev to "resources/public/js/compiled/alex.js" in 0.529 seconds.[0m
notifying browser that file changed:  resources/public/js/compiled/out/alex/core.js
Compiling build :dev to "resources/public/js/compiled/alex.js" from ["src"]...
[32mSuccessfully compiled build :dev to "resources/public/js/compiled/alex.js" in 0.492 seconds.[0m
notifying browser that file changed:  resources/public/js/compiled/out/alex/core.js
Compiling build :dev to "resources/public/js/compiled/alex.js" from ["src"]...
[32mSuccessfully compiled build :dev to "resources/public/js/compiled/alex.js" in 0.499 seconds.[0m
notifying browser that file changed:  resources/public/js/compiled/out/alex/core.js
Compiling build :dev to "resources/public/js/compiled/alex.js" from ["src"]...
[32mSuccessfully compiled build :dev to "resources/public/js/compiled/alex.js" in 0.521 seconds.[0m
notifying browser that file changed:  resources/public/js/compiled/out/alex/core.js
Compiling build :dev to "resources/public/js/compiled/alex.js" from ["src"]...
[32mSuccessfully compiled build :dev to "resources/public/js/compiled/alex.js" in 0.537 seconds.[0m
notifying browser that file changed:  resources/public/js/compiled/out/alex/core.js
Compiling build :dev to "resources/public/js/compiled/alex.js" from ["src"]...
[32mSuccessfully compiled build :dev to "resources/public/js/compiled/alex.js" in 0.527 seconds.[0m
notifying browser that file changed:  resources/public/js/compiled/out/alex/core.js
Compiling build :dev to "resources/public/js/compiled/alex.js" from ["src"]...
[32mSuccessfully compiled build :dev to "resources/public/js/compiled/alex.js" in 0.598 seconds.[0m
notifying browser that file changed:  resources/public/js/compiled/out/alex/core.js
Compiling build :dev to "resources/public/js/compiled/alex.js" from ["src"]...
[32mSuccessfully compiled build :dev to "resources/public/js/compiled/alex.js" in 0.555 seconds.[0m
notifying browser that file changed:  resources/public/js/compiled/out/alex/core.js
Compiling build :dev to "resources/public/js/compiled/alex.js" from ["src"]...
[32mSuccessfully compiled build :dev to "resources/public/js/compiled/alex.js" in 0.521 seconds.[0m
notifying browser that file changed:  resources/public/js/compiled/out/alex/core.js
Compiling build :dev to "resources/public/js/compiled/alex.js" from ["src"]...
[32mSuccessfully compiled build :dev to "resources/public/js/compiled/alex.js" in 0.607 seconds.[0m
notifying browser that file changed:  resources/public/js/compiled/out/alex/core.js
Compiling build :dev to "resources/public/js/compiled/alex.js" from ["src"]...
[32mSuccessfully compiled build :dev to "resources/public/js/compiled/alex.js" in 0.458 seconds.[0m
notifying browser that file changed:  resources/public/js/compiled/out/alex/core.js
Compiling build :dev to "resources/public/js/compiled/alex.js" from ["src"]...
[32mSuccessfully compiled build :dev to "resources/public/js/compiled/alex.js" in 0.572 seconds.[0m
notifying browser that file changed:  resources/public/js/compiled/out/alex/core.js
Compiling build :dev to "resources/public/js/compiled/alex.js" from ["src"]...
[32mSuccessfully compiled build :dev to "resources/public/js/compiled/alex.js" in 0.6 seconds.[0m
notifying browser that file changed:  resources/public/js/compiled/out/alex/core.js
Compiling build :dev to "resources/public/js/compiled/alex.js" from ["src"]...
[32mSuccessfully compiled build :dev to "resources/public/js/compiled/alex.js" in 0.615 seconds.[0m
notifying browser that file changed:  resources/public/js/compiled/out/alex/core.js
Compiling build :dev to "resources/public/js/compiled/alex.js" from ["src"]...
[32mSuccessfully compiled build :dev to "resources/public/js/compiled/alex.js" in 0.511 seconds.[0m
notifying browser that file changed:  resources/public/js/compiled/out/alex/core.js
Compiling build :dev to "resources/public/js/compiled/alex.js" from ["src"]...
[32mSuccessfully compiled build :dev to "resources/public/js/compiled/alex.js" in 0.495 seconds.[0m
notifying browser that file changed:  resources/public/js/compiled/out/alex/core.js
Compiling build :dev to "resources/public/js/compiled/alex.js" from ["src"]...
[32mSuccessfully compiled build :dev to "resources/public/js/compiled/alex.js" in 0.572 seconds.[0m
notifying browser that file changed:  resources/public/js/compiled/out/alex/core.js
Compiling build :dev to "resources/public/js/compiled/alex.js" from ["src"]...
[32mSuccessfully compiled build :dev to "resources/public/js/compiled/alex.js" in 0.498 seconds.[0m
notifying browser that file changed:  resources/public/js/compiled/out/alex/core.js
Compiling build :dev to "resources/public/js/compiled/alex.js" from ["src"]...
[32mSuccessfully compiled build :dev to "resources/public/js/compiled/alex.js" in 0.566 seconds.[0m
notifying browser that file changed:  resources/public/js/compiled/out/alex/core.js
Compiling build :dev to "resources/public/js/compiled/alex.js" from ["src"]...
[32mSuccessfully compiled build :dev to "resources/public/js/compiled/alex.js" in 0.499 seconds.[0m
notifying browser that file changed:  resources/public/js/compiled/out/alex/core.js
Compiling build :dev to "resources/public/js/compiled/paren.party.js" from ["src"]...
[32mSuccessfully compiled build :dev to "resources/public/js/compiled/paren.party.js" in 0.653 seconds.[0m
notifying browser that file changed:  resources/public/js/compiled/out/goog/deps.js
notifying browser that file changed:  resources/public/js/compiled/out/cljs_deps.js
notifying browser that file changed:  resources/public/js/compiled/out/paren/party.js
